<?xml version="1.0" encoding="UTF-8"?>
<!-- Generated by org.testng.reporters.JUnitReportReporter -->
<testsuite hostname="LAPTOP-67JBRTJA" failures="0" tests="6" name="Parameterization.DataProvider_Test" time="0.016" errors="0" timestamp="2025-05-06T09:00:56 IST" skipped="0">
  <testcase classname="Parameterization.DataProvider_Test" name="Tester" time="0.002"/>
  <testcase classname="Parameterization.DataProvider_Test" name="Tester" time="0.001"/>
  <testcase classname="Parameterization.DataProvider_Test" name="Tester" time="0.009"/>
  <testcase classname="Parameterization.DataProvider_Test" name="Tester2" time="0.001"/>
  <testcase classname="Parameterization.DataProvider_Test" name="Tester2" time="0.001"/>
  <testcase classname="Parameterization.DataProvider_Test" name="Tester2" time="0.002"/>
</testsuite> <!-- Parameterization.DataProvider_Test -->
