<?xml version="1.0" encoding="UTF-8"?>
<!-- Generated by org.testng.reporters.JUnitReportReporter -->
<testsuite hostname="LAPTOP-67JBRTJA" failures="0" tests="2" name="Build_BO1_LoginPage.TestCase1_Test" time="0.004" errors="0" timestamp="2025-05-06T08:35:17 IST" skipped="0">
  <testcase classname="Build_BO1_LoginPage.TestCase1_Test" name="signUP_Test" time="0.004">
    <system-out>
      <![CDATA[SignUp_Test]]>
    </system-out>
  </testcase> <!-- signUP_Test -->
  <testcase classname="Build_BO1_LoginPage.TestCase1_Test" name="login_Test" time="0.000">
    <system-out>
      <![CDATA[login_Test]]>
    </system-out>
  </testcase> <!-- login_Test -->
  <system-out>
    <![CDATA[SignUp_Test
login_Test]]>
  </system-out>
</testsuite> <!-- Build_BO1_LoginPage.TestCase1_Test -->
