<?xml version="1.0" encoding="UTF-8"?>
<!-- Generated by org.testng.reporters.JUnitReportReporter -->
<testsuite hostname="LAPTOP-67JBRTJA" failures="0" tests="3" name="Build_Bo1_SignUpPage.SignUP_Test" time="0.028" errors="0" timestamp="2025-05-05T07:45:03 IST" skipped="0">
  <testcase classname="Build_Bo1_SignUpPage.SignUP_Test" name="firstName_Test" time="0.004">
    <system-out>
      <![CDATA[firstName_Test]]>
    </system-out>
  </testcase> <!-- firstName_Test -->
  <testcase classname="Build_Bo1_SignUpPage.SignUP_Test" name="email_Test" time="0.022">
    <system-out>
      <![CDATA[email_Test]]>
    </system-out>
  </testcase> <!-- email_Test -->
  <testcase classname="Build_Bo1_SignUpPage.SignUP_Test" name="middileName_Test" time="0.002"/>
  <system-out>
    <![CDATA[email_Test
firstName_Test]]>
  </system-out>
</testsuite> <!-- Build_Bo1_SignUpPage.SignUP_Test -->
