<?xml version="1.0" encoding="UTF-8"?>
<!-- Generated by org.testng.reporters.JUnitReportReporter -->
<testsuite hostname="LAPTOP-67JBRTJA" failures="0" tests="2" name="Build_BO3_Hompage.TestCase2_Test" time="0.003" errors="0" timestamp="2025-05-05T09:13:46 IST" skipped="0">
  <testcase classname="Build_BO3_Hompage.TestCase2_Test" name="Hompage_Test" time="0.001"/>
  <testcase classname="Build_BO3_Hompage.TestCase2_Test" name="Logout_Test" time="0.002"/>
  <system-out>
    <![CDATA[SignUp_Test]]>
  </system-out>
</testsuite> <!-- Build_BO3_Hompage.TestCase2_Test -->
