<?xml version="1.0" encoding="UTF-8"?>
<!-- Generated by org.testng.reporters.JUnitReportReporter -->
<testsuite hostname="LAPTOP-67JBRTJA" failures="0" tests="1" name="Build_BO4_Annotations.Annotations_Test" time="0.006" errors="0" timestamp="2025-05-06T08:35:17 IST" skipped="0">
  <testcase classname="Build_BO4_Annotations.Annotations_Test" name="tc1_Test" time="0.006"/>
  <system-out>
    <![CDATA[SignUp_Test
login_Test]]>
  </system-out>
</testsuite> <!-- Build_BO4_Annotations.Annotations_Test -->
