<?xml version="1.0" encoding="UTF-8"?>
<!-- Generated by org.testng.reporters.JUnitReportReporter -->
<testsuite hostname="LAPTOP-67JBRTJA" failures="0" tests="1" name="Parameterization.TestCase4_Test" time="4.618" errors="0" timestamp="2025-05-06T08:49:07 IST" skipped="0">
  <testcase classname="Parameterization.TestCase4_Test" name="login_test" time="4.618"/>
</testsuite> <!-- Parameterization.TestCase4_Test -->
