<?xml version="1.0" encoding="UTF-8"?>
<!-- Generated by org.testng.reporters.JUnitReportReporter -->
<testsuite hostname="LAPTOP-67JBRTJA" failures="0" tests="1" name="Build_BO1_LoginPage.TestCase1_Test" time="0.007" errors="0" timestamp="2025-05-05T09:13:46 IST" skipped="0">
  <testcase classname="Build_BO1_LoginPage.TestCase1_Test" name="signUP_Test" time="0.007">
    <system-out>
      <![CDATA[SignUp_Test]]>
    </system-out>
  </testcase> <!-- signUP_Test -->
  <system-out>
    <![CDATA[SignUp_Test]]>
  </system-out>
</testsuite> <!-- Build_BO1_LoginPage.TestCase1_Test -->
